Transaction Sequential RunToEnd: Schedule Launch Pad Parse completed with errors (2 times: Upcoming • StartParsing)
└ Step: Parse Up Coming 
  ├ Step: When Upcoming Urls 
  │ • Root Cause: System.Exception: Upcoming
  │   --- Invocation Stack ---
  │     at WhenUpcomingUrls in C:\Work\Reactive.XAF\src\Tests\Extensions\FaultHubTests\FaultHubExtensionTest\ProductionScenario2Tests.cs:line 47
  │     at Unit.Default.Observe in C:\Work\Reactive.XAF\src\Tests\Extensions\FaultHubTests\FaultHubExtensionTest\ProductionScenario2Tests.cs:line 46
  │     at ParseUpComing in C:\Work\Reactive.XAF\src\Tests\Extensions\FaultHubTests\FaultHubExtensionTest\ProductionScenario2Tests.cs:line 53
  │   --- Original Exception Details ---
  │     System.Exception: Upcoming
  └ Step: Parse Upcoming Projects
    └ Step: When Existing Project Page Parsed
      └ Step: Project Parse Transaction
        └ Step: Start Parsing
          • Root Cause: System.Exception: StartParsing
            --- Invocation Stack ---
              at Start Parsing in C:\Work\Reactive.XAF\src\Tests\Extensions\FaultHubTests\FaultHubExtensionTest\ProductionScenario2Tests.cs:line 27
              at Unit.Default.Observe in C:\Work\Reactive.XAF\src\Tests\Extensions\FaultHubTests\FaultHubExtensionTest\ProductionScenario2Tests.cs:line 26
              at ProjectParseTransaction in C:\Work\Reactive.XAF\src\Tests\Extensions\FaultHubTests\FaultHubExtensionTest\ProductionScenario2Tests.cs:line 34
              at WhenExistingProjectPageParsed in C:\Work\Reactive.XAF\src\Tests\Extensions\FaultHubTests\FaultHubExtensionTest\ProductionScenario2Tests.cs:line 39
              at ParseUpcomingProjects in C:\Work\Reactive.XAF\src\Tests\Extensions\FaultHubTests\FaultHubExtensionTest\ProductionScenario2Tests.cs:line 48
              at WhenUpcomingUrls in C:\Work\Reactive.XAF\src\Tests\Extensions\FaultHubTests\FaultHubExtensionTest\ProductionScenario2Tests.cs:line 47
              at ParseUpComing in C:\Work\Reactive.XAF\src\Tests\Extensions\FaultHubTests\FaultHubExtensionTest\ProductionScenario2Tests.cs:line 53
            --- Original Exception Details ---
              System.Exception: StartParsing