Transaction Sequential RunToEnd: Schedule Web Scraping completed with errors (2 times: Failed to get links • Failed to extract content)
└ Step: Extract And Process Links 
  ├ Step: Get Page Links 
  │ • Root Cause: System.Exception: Failed to get links
  │   --- Invocation Stack ---
  │     at GetPageLinks in C:\Work\Reactive.XAF\src\Tests\Extensions\FaultHubTests\FaultHubExtensionTest\ProductionScenario2Tests.cs:line 41
  │     at Unit.Default.Observe in C:\Work\Reactive.XAF\src\Tests\Extensions\FaultHubTests\FaultHubExtensionTest\ProductionScenario2Tests.cs:line 40
  │     at ExtractAndProcessLinks in C:\Work\Reactive.XAF\src\Tests\Extensions\FaultHubTests\FaultHubExtensionTest\ProductionScenario2Tests.cs:line 46
  │   --- Original Exception Details ---
  │     System.Exception: Failed to get links
  └ Step: Scrape Data From Links
    └ Step: When Link Scraped
      └ Step: Data Extraction Transaction
        └ Step: Extract Content
          • Root Cause: System.Exception: Failed to extract content
            --- Invocation Stack ---
              at Extract Content in C:\Work\Reactive.XAF\src\Tests\Extensions\FaultHubTests\FaultHubExtensionTest\ProductionScenario2Tests.cs:line 25
              at Unit.Default.Observe in C:\Work\Reactive.XAF\src\Tests\Extensions\FaultHubTests\FaultHubExtensionTest\ProductionScenario2Tests.cs:line 24
              at DataExtractionTransaction in C:\Work\Reactive.XAF\src\Tests\Extensions\FaultHubTests\FaultHubExtensionTest\ProductionScenario2Tests.cs:line 31
              at WhenLinkScraped in C:\Work\Reactive.XAF\src\Tests\Extensions\FaultHubTests\FaultHubExtensionTest\ProductionScenario2Tests.cs:line 35
              at ScrapeDataFromLinks in C:\Work\Reactive.XAF\src\Tests\Extensions\FaultHubTests\FaultHubExtensionTest\ProductionScenario2Tests.cs:line 42
              at GetPageLinks in C:\Work\Reactive.XAF\src\Tests\Extensions\FaultHubTests\FaultHubExtensionTest\ProductionScenario2Tests.cs:line 41
              at ExtractAndProcessLinks in C:\Work\Reactive.XAF\src\Tests\Extensions\FaultHubTests\FaultHubExtensionTest\ProductionScenario2Tests.cs:line 46
            --- Original Exception Details ---
              System.Exception: Failed to extract content